Arguments: 
  C:\Program Files\nodejs\node.exe C:\Users\shunt\AppData\Roaming\npm\node_modules\yarn\bin\yarn.js add -D @fontsource/noto-sans-jp @fontsource/inter

PATH: 
  C:\ffmpeg\bin;C:\Program Files\nodejs\;C:\Program Files\Git\cmd;C:\Program Files (x86)\Common Files\Acronis\SnapAPI\;C:\Program Files (x86)\Common Files\Acronis\VirtualFile\;C:\Program Files (x86)\Common Files\Acronis\VirtualFile64\;C:\Users\shunt\AppData\Local\Programs\Python\Python310\Scripts\;C:\Users\shunt\AppData\Local\Programs\Python\Python310\;C:\Users\shunt\AppData\Local\Microsoft\WindowsApps;C:\Users\shunt\AppData\Local\Programs\Microsoft VS Code\bin;C:\Users\shunt\AppData\Local\Google\Cloud SDK\google-cloud-sdk\bin;C:\Users\shunt\AppData\Roaming\npm;C:\Users\shunt\.fly\bin

Yarn version: 
  1.22.10

Node version: 
  16.16.0

Platform: 
  win32 x64

Trace: 
  Error: ENOENT: no such file or directory, copyfile 'C:\Users\shunt\AppData\Local\Yarn\Cache\v6\npm-glob-parent-6.0.2-6d237d99083950c79290f24c7642a3de9a28f9e3-integrity\node_modules\glob-parent\package.json' -> 'C:\Users\shunt\projects\librewave\node_modules\tailwindcss\node_modules\glob-parent\package.json'

npm manifest: 
  {
  	"name": "librewave",
  	"version": "0.0.1",
  	"scripts": {
  		"dev": "vite dev",
  		"build": "vite build",
  		"preview": "vite preview",
  		"check": "svelte-kit sync && svelte-check --tsconfig ./tsconfig.json",
  		"check:watch": "svelte-kit sync && svelte-check --tsconfig ./tsconfig.json --watch"
  	},
  	"devDependencies": {
  		"@fontsource/fira-mono": "^4.5.10",
  		"@neoconfetti/svelte": "^1.0.0",
  		"@sveltejs/adapter-auto": "^2.0.0",
  		"@sveltejs/kit": "^1.5.0",
  		"@types/cookie": "^0.5.1",
  		"autoprefixer": "^10.4.14",
  		"postcss": "^8.4.21",
  		"svelte": "^3.54.0",
  		"svelte-check": "^3.0.1",
  		"tailwindcss": "^3.3.0",
  		"tslib": "^2.4.1",
  		"typescript": "^5.0.0",
  		"vite": "^4.2.0"
  	},
  	"type": "module"
  }

yarn manifest: 
  No manifest

Lockfile: 
  No lockfile
